<?xml version="1.0" encoding="UTF-8"?>
<!-- Generated by org.testng.reporters.JUnitXMLReporter -->
<testsuite hostname="MSI-L1584" name="qualitative factor" tests="3" failures="0" timestamp="6 Jan 2017 12:13:21 GMT" time="217.292" errors="0">
  <testcase name="testing" time="216.994" classname="com.AutomationTesting.testcases.QualitativeFactor"/>
  <testcase name="testing" time="0.004" classname="com.AutomationTesting.testcases.QualitativeFactor">
    <skipped/>
  </testcase> <!-- testing -->
  <testcase name="testing" time="0.019" classname="com.AutomationTesting.testcases.QualitativeFactor">
    <skipped/>
  </testcase> <!-- testing -->
</testsuite> <!-- qualitative factor -->
